Log file open, 11/28/17 14:35:13
LogInit:Display: Running engine for game: TiledMap
LogPlatformFile: Not using cached read wrapper
LogInit:Display: RandInit(-934245061) SRandInit(-934245060).
LogTaskGraph: Started task graph with 4 named threads and 7 total threads with 1 sets of task threads.
LogStats: Stats thread started at 0.155495
OCULUS: Info: [CAPI] LibOVR module is located at C:\Program Files\Oculus\Support\oculus-runtime\LibOVRRT64_1.dll
OCULUS: Debug: Connected to the server running version (prod = 1).1.17.0(build = 424315) feature version = 0. Client runs version (prod = 1).1.17.0(build = 424315) feature version = 0
LogInit: Version: 4.12.5-3039270+++UE4+Release-4.12
LogInit: API Version: 2992821
LogInit: Net Version: 3039270
LogDevObjectVersion: Number of dev versions registered: 13
LogDevObjectVersion:   Dev-Blueprints (B0D832E4-1F89-4F0D-ACCF-7EB736FD4AA2): 3
LogDevObjectVersion:   Dev-Build (E1C64328-A22C-4D53-A36C-8E866417BD8C): 0
LogDevObjectVersion:   Dev-Core (375EC13C-06E4-48FB-B500-84F0262A717E): 1
LogDevObjectVersion:   Dev-Editor (E4B068ED-F494-42E9-A231-DA0B2E46BB41): 2
LogDevObjectVersion:   Dev-Framework (CFFC743F-43B0-4480-9391-14DF171D2073): 6
LogDevObjectVersion:   Dev-Mobile (B02B49B5-BB20-44E9-A304-32B752E40360): 0
LogDevObjectVersion:   Dev-Networking (A4E4105C-59A1-49B5-A7C5-40C4547EDFEE): 0
LogDevObjectVersion:   Dev-Online (39C831C9-5AE6-47DC-9A44-9C173E1C8E7C): 0
LogDevObjectVersion:   Dev-Physics (78F01B33-EBEA-4F98-B9B4-84EACCB95AA2): 0
LogDevObjectVersion:   Dev-Platform (6631380F-2D4D-43E0-8009-CF276956A95A): 0
LogDevObjectVersion:   Dev-Rendering (12F88B9F-8875-4AFC-A67C-D90C383ABD29): 2
LogDevObjectVersion:   Dev-Sequencer (7B5AE74C-D270-4C10-A958-57980B212A5A): 0
LogDevObjectVersion:   Dev-VR (D7296918-1DD6-4BDD-9DE2-64A83CC13884): 0
LogInit: Compiled (64-bit): Jul  6 2016 09:09:46
LogInit: Compiled with Visual C++: 19.00.23026.00
LogInit: Build Configuration: Development
LogInit: Branch Name: ++UE4+Release-4.12
LogInit: Command line:  
LogInit: Base directory: C:/Program Files/Epic Games/UE_4.12/Engine/Binaries/Win64/
LogInit: Installed Engine Build: 1
LogInit: Using libcurl 7.41.0
LogInit:  - built for x86_64-pc-win32
LogInit:  - supports SSL with WinSSL
LogInit:  - other features:
LogInit:      CURL_VERSION_SSL
LogInit:      CURL_VERSION_IPV6
LogInit:      CURL_VERSION_ASYNCHDNS
LogInit:      CURL_VERSION_LARGEFILE
LogInit:      CURL_VERSION_IDN
LogInit:  CurlRequestOptions (configurable via config and command line):
LogInit:  - bVerifyPeer = true  - Libcurl will verify peer certificate
LogInit:  - bUseHttpProxy = false  - Libcurl will NOT use HTTP proxy
LogInit:  - bDontReuseConnections = false  - Libcurl will reuse connections
LogInit:  - CertBundlePath = nullptr  - Libcurl will use whatever was configured at build time.
LogInit: Presizing for max 8388607 objects, including 0 objects not considered by GC, pre-allocating 0 bytes for permanent pool.
LogInit: Object subsystem initialized
[2017.11.28-19.35.13:984][  0]LogInit: Selected Device Profile: [Windows]
[2017.11.28-19.35.13:984][  0]LogInit: Applying CVar settings loaded from the selected device profile: [Windows]
[2017.11.28-19.35.14:061][  0]LogInit: Computer: 1398-P2C7-1376
[2017.11.28-19.35.14:061][  0]LogInit: User: song240
[2017.11.28-19.35.14:061][  0]LogInit: CPU Page size=65536, Cores=4
[2017.11.28-19.35.14:061][  0]LogInit: High frequency timer resolution =2.728060 MHz
[2017.11.28-19.35.14:061][  0]LogMemory: Memory total: Physical=15.9GB (16GB approx)
[2017.11.28-19.35.14:061][  0]LogMemory: Platform Memory Stats for Windows
[2017.11.28-19.35.14:061][  0]LogMemory: Process Physical Memory: 195.55 MB used, 195.55 MB peak
[2017.11.28-19.35.14:061][  0]LogMemory: Process Virtual Memory: 195.38 MB used, 195.38 MB peak
[2017.11.28-19.35.14:061][  0]LogMemory: Physical Memory: 3344.20 MB used, 16308.40 MB total
[2017.11.28-19.35.14:061][  0]LogMemory: Virtual Memory: 588.06 MB used, 134217728.00 MB total
[2017.11.28-19.35.14:456][  0]LogTextLocalizationManager: No specific translations for ('en-US') exist, so ('en') translations will be used.
[2017.11.28-19.35.15:001][  0]LogD3D11RHI: D3D11 adapters:
[2017.11.28-19.35.15:043][  0]LogD3D11RHI:    0. 'NVIDIA GeForce GTX 970' (Feature Level 11_0)
[2017.11.28-19.35.15:043][  0]LogD3D11RHI:       4058/0/8154 MB DedicatedVideo/DedicatedSystem/SharedSystem, Outputs:1, VendorId:0x10de
[2017.11.28-19.35.15:046][  0]LogD3D11RHI:    1. 'Microsoft Basic Render Driver' (Feature Level 11_0)
[2017.11.28-19.35.15:046][  0]LogD3D11RHI:       0/0/8154 MB DedicatedVideo/DedicatedSystem/SharedSystem, Outputs:0, VendorId:0x1414
[2017.11.28-19.35.15:047][  0]LogD3D11RHI: Chosen D3D11 Adapter: 0
[2017.11.28-19.35.15:050][  0]LogD3D11RHI: Creating new Direct3DDevice
[2017.11.28-19.35.15:050][  0]LogD3D11RHI:     GPU DeviceId: 0x13c2 (for the marketing name, search the web for "GPU Device Id")
[2017.11.28-19.35.15:050][  0]LogWindows: EnumDisplayDevices:
[2017.11.28-19.35.15:050][  0]LogWindows:    0. 'NVIDIA GeForce GTX 970' (P:1 D:1)
[2017.11.28-19.35.15:051][  0]LogWindows:    1. 'NVIDIA GeForce GTX 970' (P:0 D:0)
[2017.11.28-19.35.15:051][  0]LogWindows:    2. 'NVIDIA GeForce GTX 970' (P:0 D:0)
[2017.11.28-19.35.15:051][  0]LogWindows:    3. 'NVIDIA GeForce GTX 970' (P:0 D:0)
[2017.11.28-19.35.15:051][  0]LogWindows: DebugString: FoundDriverCount:4 
[2017.11.28-19.35.15:051][  0]LogD3D11RHI:     Adapter Name: NVIDIA GeForce GTX 970
[2017.11.28-19.35.15:051][  0]LogD3D11RHI:   Driver Version: 384.94 (internal:22.21.13.8494, unified:384.94)
[2017.11.28-19.35.15:051][  0]LogD3D11RHI:      Driver Date: 7-18-2017
[2017.11.28-19.35.15:051][  0]LogRHI: Texture pool is 1361 MB (70% of 1945 MB)
[2017.11.28-19.35.15:073][  0]LogD3D11RHI: Async texture creation enabled
[2017.11.28-19.35.15:085][  0]LogD3D11RHI: GPU Timing Frequency: 1000.000000 (Debug: 2 1)
[2017.11.28-19.35.15:085][  0]LogShaderCompilers: Guid format shader working directory is -16 characters bigger than the processId version (//myhome.itap.purdue.edu/myhome/song240/cs.data/desktop/TiledMap/Intermediate/Shaders/WorkingDirectory/8268/).
[2017.11.28-19.35.15:086][  0]LogShaderCompilers: Cleaned the shader compiler working directory 'C:/Users/song240/AppData/Local/Temp/UnrealShaderWorkingDir/1DD71B7B4ABABA71C02FC2AEC72FDABD/'.
[2017.11.28-19.35.15:086][  0]LogShaderCompilers:Display: Using Local Shader Compiler.
[2017.11.28-19.35.18:078][  0]LogTemp:Display: Loaded TP AllDesktopTargetPlatform
[2017.11.28-19.35.18:094][  0]LogTemp:Display: Loaded TP WindowsClientTargetPlatform
[2017.11.28-19.35.18:110][  0]LogTemp:Display: Loaded TP WindowsNoEditorTargetPlatform
[2017.11.28-19.35.18:127][  0]LogTemp:Display: Loaded TP WindowsServerTargetPlatform
[2017.11.28-19.35.18:137][  0]LogTemp:Display: Loaded TP WindowsTargetPlatform
[2017.11.28-19.35.18:157][  0]LogTemp:Display: Loaded TP AndroidTargetPlatform
[2017.11.28-19.35.18:171][  0]LogTemp:Display: Loaded TP Android_ASTCTargetPlatform
[2017.11.28-19.35.18:186][  0]LogTemp:Display: Loaded TP Android_ATCTargetPlatform
[2017.11.28-19.35.18:200][  0]LogTemp:Display: Loaded TP Android_DXTTargetPlatform
[2017.11.28-19.35.18:214][  0]LogTemp:Display: Loaded TP Android_ETC1TargetPlatform
[2017.11.28-19.35.18:229][  0]LogTemp:Display: Loaded TP Android_ETC2TargetPlatform
[2017.11.28-19.35.18:259][  0]LogTemp:Display: Loaded TP Android_MultiTargetPlatform
[2017.11.28-19.35.18:259][  0]LogTemp:Display: Loaded TP Android_PVRTCTargetPlatform
[2017.11.28-19.35.18:260][  0]LogTemp:Display: Loaded TP HTML5TargetPlatform
[2017.11.28-19.35.18:347][  0]LogTemp:Display: Loaded TP IOSTargetPlatform
[2017.11.28-19.35.18:361][  0]LogTemp:Display: Loaded TP TVOSTargetPlatform
[2017.11.28-19.35.18:375][  0]LogTemp:Display: Loaded TP LinuxNoEditorTargetPlatform
[2017.11.28-19.35.18:390][  0]LogTemp:Display: Loaded TP LinuxServerTargetPlatform
[2017.11.28-19.35.18:409][  0]LogTemp:Display: Loaded TP LinuxTargetPlatform
[2017.11.28-19.35.18:409][  0]LogTargetPlatformManager:Display: Building Assets For Windows
[2017.11.28-19.35.19:017][  0]LogDerivedDataCache:Display: Max Cache Size: 512 MB
[2017.11.28-19.35.19:017][  0]LogDerivedDataCache:Display: Starting with empty Boot cache
[2017.11.28-19.35.19:019][  0]LogDerivedDataCache: FDerivedDataBackendGraph:  Pak pak cache file //myhome.itap.purdue.edu/myhome/song240/cs.data/desktop/TiledMap/DerivedDataCache/DDC.ddp not found, will not use a pak cache.
[2017.11.28-19.35.19:019][  0]LogDerivedDataCache: Unable to find inner node Pak for hierarchical cache Hierarchy.
[2017.11.28-19.35.19:020][  0]LogDerivedDataCache: FDerivedDataBackendGraph:  CompressedPak pak cache file //myhome.itap.purdue.edu/myhome/song240/cs.data/desktop/TiledMap/DerivedDataCache/Compressed.ddp not found, will not use a pak cache.
[2017.11.28-19.35.19:020][  0]LogDerivedDataCache: Unable to find inner node CompressedPak for hierarchical cache Hierarchy.
[2017.11.28-19.35.19:063][  0]LogDerivedDataCache:Display: Pak cache opened for reading ../../../Engine/DerivedDataCache/Compressed.ddp.
[2017.11.28-19.35.19:075][  0]LogDerivedDataCache: Using Local data cache path C:/Users/song240/AppData/Local/UnrealEngine/Common/DerivedDataCache: Writable
[2017.11.28-19.35.26:827][  0]LogInit: Selected Device Profile: [Windows]
[2017.11.28-19.35.26:828][  0]LogTexture:Display: Building textures: S_Actor (BGRA8)
[2017.11.28-19.35.26:831][  0]LogContentStreaming: Texture pool size is 0.00 MB
[2017.11.28-19.35.26:840][  0]LogTexture:Display: Building textures: S_Emitter (BGRA8)
[2017.11.28-19.35.26:897][  0]LogTexture:Display: Building textures: AICON-Red (AutoDXT)
[2017.11.28-19.35.26:911][  0]LogTexture:Display: Building textures: AICON-Green (AutoDXT)
[2017.11.28-19.35.27:158][  0]LogTexture:Display: Building textures: DefaultTexture (DXT1)
[2017.11.28-19.35.27:180][  0]LogTexture:Display: Building textures: T_Default_Material_Grid_M (AutoDXT)
[2017.11.28-19.35.27:564][  0]LogTexture:Display: Building textures: T_Default_Material_Grid_N (BC5)
[2017.11.28-19.35.27:709][  0]LogTexture:Display: Building textures: DefaultDiffuse (AutoDXT)
[2017.11.28-19.35.29:551][  0]LogTexture:Display: Building textures: WhiteSquareTexture (AutoDXT)
[2017.11.28-19.35.29:627][  0]LogTexture:Display: Building textures: S_LevelSequence (BGRA8)
[2017.11.28-19.35.29:642][  0]LogTexture:Display: Building textures: Bad (BGRA8)
[2017.11.28-19.35.29:674][  0]LogMeshUtilities: No automatic mesh reduction module available
[2017.11.28-19.35.29:674][  0]LogMeshUtilities: No automatic mesh merging module available
[2017.11.28-19.35.29:674][  0]LogMeshUtilities: No distributed automatic mesh merging module available
[2017.11.28-19.35.29:758][  0]LogTexture:Display: Building textures: Default (BGRA8)
[2017.11.28-19.35.29:772][  0]LogTexture:Display: Building textures: VR-Basic (BGRA8)
[2017.11.28-19.35.29:829][  0]LogTexture:Display: Building textures: Grid (AutoDXT)
[2017.11.28-19.35.29:913][  0]LogTexture:Display: Building textures: DaylightAmbientCubemap (RGBA16F)
[2017.11.28-19.35.37:736][  0]LogTexture:Display: Building textures: PSysThumbnail_NoImage (AutoDXT)
[2017.11.28-19.35.37:753][  0]LogTexture:Display: Building textures: PSysThumbnail_OOD (AutoDXT)
[2017.11.28-19.35.37:767][  0]LogTexture:Display: Building textures: S_DecalActorIcon (AutoDXT)
[2017.11.28-19.35.37:881][  0]LogTexture:Display: Building textures: S_Terrain (BGRA8)
[2017.11.28-19.35.37:937][  0]LogTexture:Display: Building textures: MatineeCam_D (AutoDXT)
[2017.11.28-19.35.38:000][  0]LogTexture:Display: Building textures: flipbook (AutoDXT)
[2017.11.28-19.35.38:065][  0]LogTexture:Display: Building textures: T_EditorHelp (AutoDXT)
[2017.11.28-19.35.39:276][  0]LogTexture:Display: Building textures: S_ExpoHeightFog (BGRA8)
[2017.11.28-19.35.39:289][  0]LogTexture:Display: Building textures: S_NavP (BGRA8)
[2017.11.28-19.35.39:303][  0]LogTexture:Display: Building textures: S_Player (BGRA8)
[2017.11.28-19.35.39:317][  0]LogTexture:Display: Building textures: SkyLight (BGRA8)
[2017.11.28-19.35.39:330][  0]LogTexture:Display: Building textures: S_WindDirectional (AutoDXT)
[2017.11.28-19.35.39:412][  0]LogTexture:Display: Building textures: S_LightDirectional (BGRA8)
[2017.11.28-19.35.39:426][  0]LogTexture:Display: Building textures: S_LightDirectionalMove (BGRA8)
[2017.11.28-19.35.39:442][  0]LogTexture:Display: Building textures: S_LightPoint (BGRA8)
[2017.11.28-19.35.39:458][  0]LogTexture:Display: Building textures: S_LightPointMove (BGRA8)
[2017.11.28-19.35.39:475][  0]LogTexture:Display: Building textures: S_LightSpot (BGRA8)
[2017.11.28-19.35.39:490][  0]LogTexture:Display: Building textures: S_LightSpotMove (BGRA8)
[2017.11.28-19.35.39:504][  0]LogTexture:Display: Building textures: S_PortalActorIcon2 (AutoDXT)
[2017.11.28-19.35.39:543][  0]LogTexture:Display: Building textures: MatInstActSprite (BGRA8)
[2017.11.28-19.35.39:552][  0]LogTexture:Display: Building textures: SceneManager (BGRA8)
[2017.11.28-19.35.39:567][  0]LogTexture:Display: Building textures: S_NavLink (AutoDXT)
[2017.11.28-19.35.39:592][  0]LogTexture:Display: Building textures: S_Note (BGRA8)
[2017.11.28-19.35.39:621][  0]LogTexture:Display: Building textures: S_ReflActorIcon (AutoDXT)
[2017.11.28-19.35.39:666][  0]LogTexture:Display: Building textures: S_Thruster (BGRA8)
[2017.11.28-19.35.39:678][  0]LogTexture:Display: Building textures: S_RadForce (BGRA8)
[2017.11.28-19.35.39:691][  0]LogTexture:Display: Building textures: TargetIcon (BGRA8)
[2017.11.28-19.35.39:706][  0]LogTexture:Display: Building textures: RobotoDistanceField_PageA (G8)
[2017.11.28-19.35.39:729][  0]LogTexture:Display: Building textures: S_TextRenderActorIcon (AutoDXT)
[2017.11.28-19.35.39:760][  0]LogTexture:Display: Building textures: S_Trigger (BGRA8)
[2017.11.28-19.35.39:777][  0]LogTexture:Display: Building textures: S_VectorFieldVol (BGRA8)
[2017.11.28-19.35.39:786][  0]LogTexture:Display: Building textures: GradientTexture0 (BGRA8)
[2017.11.28-19.35.39:793][  0]LogTexture:Display: Building textures: Black (AutoDXT)
[2017.11.28-19.35.39:807][  0]LogTexture:Display: Building textures: MAT_Groups_Float (AutoDXT)
[2017.11.28-19.35.39:812][  0]LogTexture:Display: Building textures: MAT_Groups_Director (AutoDXT)
[2017.11.28-19.35.39:817][  0]LogTexture:Display: Building textures: MAT_Groups_Event (AutoDXT)
[2017.11.28-19.35.39:824][  0]LogTexture:Display: Building textures: MAT_Groups_Anim (AutoDXT)
[2017.11.28-19.35.39:829][  0]LogTexture:Display: Building textures: MAT_Groups_Fade (AutoDXT)
[2017.11.28-19.35.39:838][  0]LogTexture:Display: Building textures: MAT_Groups_Move (AutoDXT)
[2017.11.28-19.35.39:843][  0]LogTexture:Display: Building textures: MAT_Groups_Slomo (AutoDXT)
[2017.11.28-19.35.39:849][  0]LogTexture:Display: Building textures: MAT_ColorTrack (AutoDXT)
[2017.11.28-19.35.39:855][  0]LogTexture:Display: Building textures: MAT_Groups_Toggle (AutoDXT)
[2017.11.28-19.35.39:861][  0]LogTexture:Display: Building textures: MAT_Groups_AudioMaster (AutoDXT)
[2017.11.28-19.35.39:866][  0]LogTexture:Display: Building textures: MAT_Groups_Sound (AutoDXT)
[2017.11.28-19.35.39:871][  0]LogTexture:Display: Building textures: MAT_Groups_Vector (AutoDXT)
[2017.11.28-19.35.39:877][  0]LogTexture:Display: Building textures: MAT_Groups_Visibility (AutoDXT)
[2017.11.28-19.35.39:886][  0]LogTexture:Display: Building textures: DefaultTextureCube (DXT1)
[2017.11.28-19.35.40:616][  0]LogAssetRegistry: FAssetRegistry took 0.0219 seconds to start up
[2017.11.28-19.35.40:885][  0]LogPackageLocalizationCache: Processed 3 localized package path(s) for 2 prioritized culture(s) in 0.265798 seconds
[2017.11.28-19.35.40:890][  0]LogUObjectArray: 28739 objects as part of root set at end of initial load.
[2017.11.28-19.35.40:890][  0]LogUObjectAllocator: 5855632 out of 0 bytes used by permanent object pool.
[2017.11.28-19.35.40:890][  0]LogUObjectArray: CloseDisregardForGC: 0/0 objects in disregard for GC pool
[2017.11.28-19.35.40:896][  0]LogInit: WinSock: version 1.1 (2.2), MaxSocks=32767, MaxUdp=65467
[2017.11.28-19.35.41:333][  0]LogTexture:Display: Building textures: S_FTest (AutoDXT)
[2017.11.28-19.35.41:414][  0]LogTexture:Display: Building textures: VR_LaserPower_01 (AutoDXT)
[2017.11.28-19.35.41:777][  0]LogTexture:Display: Building textures: GizmoText_RobotoDistanceField_PageA (G8)
[2017.11.28-19.35.41:863][  0]LogTexture:Display: Building textures: UE4_Logo (AutoDXT)
[2017.11.28-19.35.42:041][  0]LogSlate: SlateFontCache - WITH_FREETYPE: 1, WITH_HARFBUZZ: 1
[2017.11.28-19.35.42:042][  0]LogSlate: SlateFontCache - WITH_FREETYPE: 1, WITH_HARFBUZZ: 1
[2017.11.28-19.35.45:654][  0]LogTexture:Display: Building textures: DummySpriteTexture (AutoDXT)
[2017.11.28-19.35.45:704][  0]LogUdpMessaging: Initializing bridge on interface 0.0.0.0:0 to multicast group 230.0.0.1:6666.
[2017.11.28-19.35.45:704][  0]LogDirectoryWatcher: A directory notification failed for '//myhome.itap.purdue.edu/myhome/song240/cs.data/desktop/TiledMap/Content/' because it was aborted or there was a buffer overflow.
[2017.11.28-19.35.45:976][  0]LogTexture:Display: Building textures: MiniFont (AutoDXT)
[2017.11.28-19.35.46:189][  0]SourceControl: Info Source control is disabled
[2017.11.28-19.35.46:246][  0]SourceControl: Info Source control is disabled
[2017.11.28-19.35.46:254][  0]SourceControl: Info Source control is disabled
[2017.11.28-19.35.46:262][  0]SourceControl: Info Source control is disabled
[2017.11.28-19.35.46:427][  0]LogDirectoryWatcher: A directory notification failed for '//myhome.itap.purdue.edu/myhome/song240/cs.data/desktop/TiledMap/Content/' because it was aborted or there was a buffer overflow.
[2017.11.28-19.35.46:500][  0]LogEngine: Initializing Engine...
[2017.11.28-19.35.46:528][  0]LogHMD: SteamVR failed to initialize.  Err: 110
[2017.11.28-19.35.46:529][  0]LogHMD: SteamVR failed to initialize.  Err: 110
[2017.11.28-19.35.46:529][  0]LogHMD: Oculus plugin initialized. Version: 4.12.5-3039270+++UE4+Release-4.12, LibOVR: 1.17.0, SDK: 1.3.2, built Jul  6 2016, 09:11:15
[2017.11.28-19.35.46:586][  0]LogTexture:Display: Building textures: DefaultWhiteGrid (AutoDXT)
[2017.11.28-19.35.46:698][  0]LogTexture:Display: Building textures: InvalidLightmapSettings (AutoDXT)
[2017.11.28-19.35.46:753][  0]LogTexture:Display: Building textures: HeatmapGradient (BGRA8)
[2017.11.28-19.35.46:763][  0]LogTexture:Display: Building textures: PreviewShadowIndicator (BGRA8)
[2017.11.28-19.35.46:796][  0]LogTexture:Display: Building textures: BSPVertex (AutoDXT)
[2017.11.28-19.35.46:798][  0]LogTexture:Display: Building textures: Good64x64TilingNoiseHighFreq (G8)
[2017.11.28-19.35.46:799][  0]LogTexture:Display: Building textures: DefaultBokeh (BGRA8)
[2017.11.28-19.35.46:801][  0]LogTexture:Display: Building textures: PreintegratedSkinBRDF (BGRA8)
[2017.11.28-19.35.46:807][  0]LogTexture:Display: Building textures: WeightMapPlaceholderTexture (BGRA8)
[2017.11.28-19.35.46:862][  0]LogAIModule: Creating AISystem for world NewWorld
[2017.11.28-19.35.46:873][  0]LogInit: XAudio2 using 'Speakers / Headphones (Realtek Audio)' : 2 channels at 48 kHz using 32 bits per sample (channel mask 0x3)
[2017.11.28-19.35.47:000][  0]LogInit: FAudioDevice initialized.
[2017.11.28-19.35.47:026][  0]LogDerivedDataCache: Saved boot cache 0.03s 62MB C:/Users/song240/AppData/Local/UnrealEngine/4.12/DerivedDataCache/Boot.ddc.
[2017.11.28-19.35.47:039][  0]LogInit: Texture streaming: Enabled
[2017.11.28-19.35.47:061][  0]LogWindowsTextInputMethodSystem:Display: IME system now deactivated.
[2017.11.28-19.35.47:118][  0]LogInit: Transaction tracking system initialized
[2017.11.28-19.35.47:143][  0]BlueprintLog: New page: Editor Load
[2017.11.28-19.35.47:314][  0]LocalizationService: Info Localization service is disabled
[2017.11.28-19.35.47:471][  0]LogConsoleResponse:Display: 
[2017.11.28-19.35.47:476][  0]LogTexture:Display: Building textures: Cross (AutoDXT)
[2017.11.28-19.35.47:505][  0]LogTexture:Display: Building textures: Tick (AutoDXT)
[2017.11.28-19.35.47:516][  0]LogTexture:Display: Building textures: WidgetGridVertexColorMaterial (AutoDXT)
[2017.11.28-19.35.47:586][  0]LogTexture:Display: Building textures: CASC_Cross (AutoDXT)
[2017.11.28-19.35.47:587][  0]LogTexture:Display: Building textures: CASC_None (AutoDXT)
[2017.11.28-19.35.47:594][  0]LogTexture:Display: Building textures: Texture2D_28 (AutoDXT)
[2017.11.28-19.35.47:605][  0]LogTexture:Display: Building textures: S_KBSJoint (BGRA8)
[2017.11.28-19.35.47:608][  0]LogTexture:Display: Building textures: S_KHinge (BGRA8)
[2017.11.28-19.35.47:612][  0]LogTexture:Display: Building textures: S_KPrismatic (BGRA8)
[2017.11.28-19.35.47:616][  0]LogTexture:Display: Building textures: S_LightError (BGRA8)
[2017.11.28-19.35.47:623][  0]LogTexture:Display: Building textures: T_Loft_Spline (AutoDXT)
[2017.11.28-19.35.47:732][  0]LogTexture:Display: Building textures: DefaultNormal (BC5)
[2017.11.28-19.35.47:929][  0]LogTexture:Display: Building textures: Grid_N (BC5)
[2017.11.28-19.35.47:975][  0]LogTexture:Display: Building textures: PaperDiffuse (AutoDXT)
[2017.11.28-19.35.48:306][  0]LogTexture:Display: Building textures: PaperNormal (BC5)
[2017.11.28-19.35.48:353][  0]LogTexture:Display: Building textures: Texture2D_28 (AutoDXT)
[2017.11.28-19.35.48:363][  0]LogTexture:Display: Building textures: Texture2D_29 (AutoDXT)
[2017.11.28-19.35.48:369][  0]LogTexture:Display: Building textures: StreamingPauseIcon (AutoDXT)
[2017.11.28-19.35.48:392][  0]LogCook:Display: Max memory allowance for cook 8192mb
[2017.11.28-19.35.48:392][  0]LogCook:Display: Mobile HDR setting 1
[2017.11.28-19.35.48:495][  0]LogFileCache: Scanning file cache for directory '//myhome.itap.purdue.edu/myhome/song240/cs.data/desktop/TiledMap/Content/' took 0.05s
[2017.11.28-19.35.48:495][  0]LogTexture:Display: Building textures: Countdown (AutoDXT)
[2017.11.28-19.35.48:502][  0]LogTexture:Display: Building textures: RecordingIndicator (AutoDXT)
[2017.11.28-19.35.48:576][  0]LogTexture:Display: Building textures: DefaultAlphaTexture (BGRA8)
[2017.11.28-19.35.48:582][  0]SourceControl: Info Source control is disabled
[2017.11.28-19.35.48:582][  0]Cmd: MAP LOAD FILE="//myhome.itap.purdue.edu/myhome/song240/cs.data/desktop/TiledMap/Content/Maps/WorldCompMap.umap" TEMPLATE=0 SHOWPROGRESS=1 FEATURELEVEL=3
[2017.11.28-19.35.48:610][  0]LightingResults: New page: Lighting Build
[2017.11.28-19.35.48:613][  0]MapCheck: New page: Map Check
[2017.11.28-19.35.48:613][  0]LightingResults: New page: Lighting Build
[2017.11.28-19.35.49:327][  0]LogTexture:Display: Building textures: T_Sky_Clouds_M (BGRA8)
[2017.11.28-19.35.49:630][  0]LogTexture:Display: Building textures: T_Sky_Stars (AutoDXT)
[2017.11.28-19.35.50:949][  0]LogTexture:Display: Building textures: T_Sky_Blue (AutoDXT)
[2017.11.28-19.35.52:752][  0]LogAIModule: Creating AISystem for world WorldCompMap
[2017.11.28-19.35.52:755][  0]LogTexture:Display: Building textures: EmptyActor (BGRA8)
[2017.11.28-19.35.52:790][  0]LogEditorServer: Finished looking for orphan Actors (0.000 secs)
[2017.11.28-19.35.52:792][  0]Cmd: MAP CHECKDEP NOCLEARLOG
[2017.11.28-19.35.52:854][  0]MapCheck: Info Map check complete: 0 Error(s), 0 Warning(s), took 62.347ms to complete.
[2017.11.28-19.35.52:854][  0]LogFileHelpers: Loading map 'WorldCompMap' took 4.272
[2017.11.28-19.35.53:034][  0]LogCollectionManager: Loaded 0 collections in 0.005820 seconds
[2017.11.28-19.35.53:119][  0]LogFileCache: Scanning file cache for directory '//myhome.itap.purdue.edu/myhome/song240/cs.data/desktop/TiledMap/Saved/Collections/' took 0.02s
[2017.11.28-19.35.53:119][  0]LogFileCache: Scanning file cache for directory '//myhome.itap.purdue.edu/myhome/song240/cs.data/desktop/TiledMap/Content/Developers/song240/Collections/' took 0.01s
[2017.11.28-19.35.53:119][  0]LogFileCache: Scanning file cache for directory '//myhome.itap.purdue.edu/myhome/song240/cs.data/desktop/TiledMap/Content/Collections/' took 0.02s
[2017.11.28-19.35.53:119][  0]LogCollectionManager: Rebuilt the GUID cache for 0 collections in 0.000009 seconds
[2017.11.28-19.35.53:128][  0]LogContentBrowser: Native class hierarchy populated in 0.0089 seconds. Added 2047 classes and 369 folders.
[2017.11.28-19.35.53:132][  0]LogStats: UGameplayTagsManager::ConstructGameplayTagTree: Construct from data asset -  0.000 s
[2017.11.28-19.35.53:132][  0]LogStats: UGameplayTagsManager::ConstructGameplayTagTree: GameplayTagTreeChangedEvent.Broadcast -  0.000 s
[2017.11.28-19.35.53:133][  0]LogContentBrowser: Native class hierarchy updated for 'GameplayTags' in 0.0006 seconds. Added 12 classes and 0 folders.
[2017.11.28-19.35.53:138][  0]LogContentBrowser: Native class hierarchy updated for 'WidgetCarousel' in 0.0005 seconds. Added 0 classes and 0 folders.
[2017.11.28-19.35.53:998][  0]LogContentBrowser: Native class hierarchy updated for 'AddContentDialog' in 0.0005 seconds. Added 0 classes and 0 folders.
[2017.11.28-19.35.54:003][  0]LogContentBrowser: Native class hierarchy updated for 'SceneOutliner' in 0.0006 seconds. Added 1 classes and 2 folders.
[2017.11.28-19.35.54:071][  0]LogCrashTracker: Crashtracker disabled due to settings.
[2017.11.28-19.35.54:114][  0]LogTexture:Display: Building textures: Blueprint_64x (BGRA8)
[2017.11.28-19.35.54:115][  0]LogTexture:Display: Building textures: icon_Editor_Preferences_General_40x (BGRA8)
[2017.11.28-19.35.54:117][  0]LogTexture:Display: Building textures: Paper2DSprite_TutorialIcon (BGRA8)
[2017.11.28-19.35.54:118][  0]LogTexture:Display: Building textures: icon_ShowSkeletalMeshes_40x (BGRA8)
[2017.11.28-19.35.54:120][  0]LogTexture:Display: Building textures: Landscape (BGRA8)
[2017.11.28-19.35.54:121][  0]LogTexture:Display: Building textures: Foliage (BGRA8)
[2017.11.28-19.35.54:153][  0]LogContentBrowser: Native class hierarchy updated for 'HierarchicalLODOutliner' in 0.0016 seconds. Added 1 classes and 2 folders.
[2017.11.28-19.35.54:154][  0]LogLoad: Full Startup: 44.52 seconds (BP compile: 0.08 seconds)
[2017.11.28-19.35.54:154][  0]LogExternalProfiler: Found external profiler: VSPerf
[2017.11.28-19.35.54:154][  0]LogExternalProfiler: Using external profiler: VSPerf
[2017.11.28-19.35.54:164][  0]LogOcInput: OculusInput pre-init called
[2017.11.28-19.35.54:185][  0]LogOcInput: OculusInput is initialized. Init status 0. Runtime version: 1.17.0
[2017.11.28-19.35.54:185][  0]LoadErrors:Error: Error ActiveClassRedirects contains a collision with multiple redirectors for old class named AnimNode_SkeletalControlBase
[2017.11.28-19.35.54:185][  0]LoadErrors:Error: Error ActiveClassRedirects contains a collision with multiple redirectors for old class named AnimNode_TwoBoneIK
[2017.11.28-19.35.54:185][  0]LoadErrors:Error: Error ActiveClassRedirects contains a collision with multiple redirectors for old class named AnimNode_RotationMultiplier
[2017.11.28-19.35.54:185][  0]LoadErrors:Error: Error ActiveClassRedirects contains a collision with multiple redirectors for old class named AnimNode_ModifyBone
[2017.11.28-19.35.54:185][  0]LoadErrors:Error: Error ActiveClassRedirects contains a collision with multiple redirectors for old class named AnimNode_CopyBone
[2017.11.28-19.35.54:186][  0]LoadErrors:Error: Error ActiveClassRedirects contains a collision with multiple redirectors for old class named AnimNode_SpringBone
[2017.11.28-19.35.54:186][  0]LoadErrors:Error: Error ActiveClassRedirects contains a collision with multiple redirectors for old class named AnimNode_BlendSpace
[2017.11.28-19.35.54:186][  0]LoadErrors:Error: Error ActiveClassRedirects contains a collision with multiple redirectors for old class named ESlateCheckBoxState
[2017.11.28-19.35.54:186][  0]LoadErrors:Error: Error ActiveClassRedirects contains a collision with multiple redirectors for old class named InstancedFoliageSettings
[2017.11.28-19.35.54:300][  0]LogContentStreaming: Texture pool size now 1000 MB
[2017.11.28-19.35.54:348][  0]LogTexture:Display: Building textures: icon_tab_Levels_40x (BGRA8)
[2017.11.28-19.35.54:477][  0]LogTexture:Display: Building textures: LevelGrid1DStripes (BGRA8)
[2017.11.28-19.35.54:599][  0]LogRenderer: Reallocating scene render targets to support 1208x576 (Frame:2).
[2017.11.28-19.35.54:791][  2]LogDirectoryWatcher: A directory notification failed for '//myhome.itap.purdue.edu/myhome/song240/cs.data/desktop/TiledMap/Saved/Collections/' because it was aborted or there was a buffer overflow.
[2017.11.28-19.35.54:791][  2]LogDirectoryWatcher: A directory notification failed for '//myhome.itap.purdue.edu/myhome/song240/cs.data/desktop/TiledMap/Content/Developers/song240/Collections/' because it was aborted or there was a buffer overflow.
[2017.11.28-19.35.54:791][  2]LogDirectoryWatcher: A directory notification failed for '//myhome.itap.purdue.edu/myhome/song240/cs.data/desktop/TiledMap/Content/Collections/' because it was aborted or there was a buffer overflow.
[2017.11.28-19.35.54:809][  3]LogDirectoryWatcher: A directory notification failed for '//myhome.itap.purdue.edu/myhome/song240/cs.data/desktop/TiledMap/Saved/Collections/' because it was aborted or there was a buffer overflow.
[2017.11.28-19.35.54:809][  3]LogDirectoryWatcher: A directory notification failed for '//myhome.itap.purdue.edu/myhome/song240/cs.data/desktop/TiledMap/Content/Collections/' because it was aborted or there was a buffer overflow.
[2017.11.28-19.35.54:809][  3]LogDirectoryWatcher: A directory notification failed for '//myhome.itap.purdue.edu/myhome/song240/cs.data/desktop/TiledMap/Content/Developers/song240/Collections/' because it was aborted or there was a buffer overflow.
[2017.11.28-19.35.55:422][ 58]LogAssetRegistry: Asset discovery search completed in 14.8282 seconds
[2017.11.28-19.35.55:422][ 58]LogCollectionManager: Rebuilt the object cache for 0 collections in 0.000001 seconds (found 0 objects)
[2017.11.28-19.35.55:422][ 58]LogCollectionManager: Fixed up redirectors for 0 collections in 0.000038 seconds (updated 0 objects)
[2017.11.28-19.36.00:286][559]LogPlayLevel: PlayLevel: No blueprints needed recompiling
[2017.11.28-19.36.00:286][559]LogApp: UseVRFocus has changed to 1
[2017.11.28-19.36.00:286][559]LogApp: HasVRFocus has changed to 1
[2017.11.28-19.36.00:286][559]LogApp: UseVRFocus has changed to 0
[2017.11.28-19.36.00:286][559]LogApp: HasVRFocus has changed to 0
[2017.11.28-19.36.00:288][559]PIE: New page: PIE session: WorldCompMap (Nov 28, 2017, 9:36:00 AM)
[2017.11.28-19.36.00:288][559]LogPlayLevel: Creating play world package: /Game/Maps/UEDPIE_0_WorldCompMap
[2017.11.28-19.36.00:290][559]LogPlayLevel: PIE: StaticDuplicateObject took: (0.002253s)
[2017.11.28-19.36.00:290][559]LogAIModule: Creating AISystem for world WorldCompMap
[2017.11.28-19.36.00:290][559]LogPlayLevel: PIE: World Init took: (0.000577s)
[2017.11.28-19.36.00:291][559]LogPlayLevel: PIE: Created PIE world by copying editor world from /Game/Maps/WorldCompMap.WorldCompMap to /Game/Maps/UEDPIE_0_WorldCompMap.WorldCompMap (0.003045s)
[2017.11.28-19.36.00:306][559]LogApp: UseVRFocus has changed to 1
[2017.11.28-19.36.00:306][559]LogApp: HasVRFocus has changed to 1
[2017.11.28-19.36.00:306][559]LogApp: UseVRFocus has changed to 0
[2017.11.28-19.36.00:306][559]LogApp: HasVRFocus has changed to 0
[2017.11.28-19.36.00:308][559]LogInit: XAudio2 using 'Speakers / Headphones (Realtek Audio)' : 2 channels at 48 kHz using 32 bits per sample (channel mask 0x3)
[2017.11.28-19.36.00:325][559]LogInit: FAudioDevice initialized.
[2017.11.28-19.36.00:394][559]LogWorld: Game class is 'GameMode'
[2017.11.28-19.36.00:406][559]LogWorld: Bringing World /Game/Maps/UEDPIE_0_WorldCompMap.WorldCompMap up for play (max tick rate 0) at 2017.11.28-14.36.00
[2017.11.28-19.36.00:406][559]LogWorld: Bringing up level for play took: 0.002393
[2017.11.28-19.36.00:413][559]LogContentBrowser: Native class hierarchy updated for 'MovieSceneCapture' in 0.0006 seconds. Added 11 classes and 0 folders.
[2017.11.28-19.36.00:837][559]LogTexture:Display: Building textures: T_Canyon_Stripes_02 (AutoDXT)
[2017.11.28-19.36.02:143][559]LogTexture:Display: Building textures: T_RB_LS_Dirt_01_DispAlpha03 (AutoDXT)
[2017.11.28-19.36.09:720][559]LogTexture:Display: Building textures: T_GDC_Rocktest_01_N (BC5)
[2017.11.28-19.36.11:058][559]LogTexture:Display: Building textures: SnowMound_01_N (BC5)
[2017.11.28-19.36.12:628][559]LogTexture:Display: Building textures: T_FullGrass_D (AutoDXT)
[2017.11.28-19.36.21:016][559]LogTexture:Display: Building textures: T_FullGrass_N (BC5)
[2017.11.28-19.36.22:387][559]LogTexture:Display: Building textures: T_LS_Snow_01_D_Disp (AutoDXT)
[2017.11.28-19.36.29:059][559]LogMaterial: Missing cached shader map for material M_Landscape_Master, compiling. 
[2017.11.28-19.36.29:358][559]LogTexture:Display: Building textures: T_GR_CliffWall_TanJaggy_02_D (AutoDXT)
[2017.11.28-19.36.31:241][559]LogTexture:Display: Building textures: T_LS_Dirt_01_N (BC5)
[2017.11.28-19.36.31:628][559]LogTexture:Display: Building textures: T_RB_LS_Dirt_01_DispAlpha02 (AutoDXT)
[2017.11.28-19.36.33:398][559]LogMaterial: Missing cached shader map for material M_Landscape_Master, compiling. 
[2017.11.28-19.36.33:456][559]LogMaterial: Missing cached shader map for material M_Landscape_Master, compiling. 
[2017.11.28-19.36.33:511][559]LogTexture:Display: Building textures: Texture2D_18 (BGRA8)
[2017.11.28-19.36.33:573][559]LogTexture:Display: Building textures: Texture2D_2 (BGRA8)
[2017.11.28-19.36.33:595][559]LogTexture:Display: Building textures: Texture2D_23 (BGRA8)
[2017.11.28-19.36.33:662][559]LogTexture:Display: Building textures: Texture2D_4 (BGRA8)
[2017.11.28-19.36.33:682][559]LogTexture:Display: Building textures: Texture2D_68 (BGRA8)
[2017.11.28-19.36.33:724][559]LogTexture:Display: Building textures: Texture2D_7 (BGRA8)
[2017.11.28-19.36.33:736][559]LogTexture:Display: Building textures: Texture2D_69 (BGRA8)
[2017.11.28-19.36.33:741][559]LogTexture:Display: Building textures: Texture2D_70 (BGRA8)
[2017.11.28-19.36.33:834][559]LogTexture:Display: Building textures: Texture2D_8 (BGRA8)
[2017.11.28-19.36.33:851][559]LogTexture:Display: Building textures: Texture2D_71 (BGRA8)
[2017.11.28-19.36.33:856][559]LogTexture:Display: Building textures: Texture2D_72 (BGRA8)
[2017.11.28-19.36.33:943][559]LogTexture:Display: Building textures: Texture2D_9 (BGRA8)
[2017.11.28-19.36.33:959][559]LogTexture:Display: Building textures: Texture2D_73 (BGRA8)
[2017.11.28-19.36.33:960][559]LogTexture:Display: Building textures: Texture2D_74 (BGRA8)
[2017.11.28-19.36.34:028][559]LogTexture:Display: Building textures: Texture2D_6 (BGRA8)
[2017.11.28-19.36.34:039][559]LogTexture:Display: Building textures: Texture2D_75 (BGRA8)
[2017.11.28-19.36.34:041][559]LogTexture:Display: Building textures: Texture2D_76 (BGRA8)
[2017.11.28-19.36.34:042][559]LogTexture:Display: Building textures: Texture2D_77 (BGRA8)
[2017.11.28-19.36.34:045][559]LogTexture:Display: Building textures: Texture2D_24 (BGRA8)
[2017.11.28-19.36.34:138][559]LogTexture:Display: Building textures: Texture2D_5 (BGRA8)
[2017.11.28-19.36.34:149][559]LogTexture:Display: Building textures: Texture2D_78 (BGRA8)
[2017.11.28-19.36.34:150][559]LogTexture:Display: Building textures: Texture2D_79 (BGRA8)
[2017.11.28-19.36.34:153][559]LogTexture:Display: Building textures: Texture2D_80 (BGRA8)
[2017.11.28-19.36.34:158][559]LogTexture:Display: Building textures: Texture2D_81 (BGRA8)
[2017.11.28-19.36.34:163][559]LogTexture:Display: Building textures: Texture2D_82 (BGRA8)
[2017.11.28-19.36.34:250][559]LogTexture:Display: Building textures: Texture2D_10 (BGRA8)
[2017.11.28-19.36.34:264][559]LogTexture:Display: Building textures: Texture2D_83 (BGRA8)
[2017.11.28-19.36.34:265][559]LogTexture:Display: Building textures: Texture2D_84 (BGRA8)
[2017.11.28-19.36.34:336][559]LogTexture:Display: Building textures: Texture2D_11 (BGRA8)
[2017.11.28-19.36.34:347][559]LogTexture:Display: Building textures: Texture2D_85 (BGRA8)
[2017.11.28-19.36.34:349][559]LogTexture:Display: Building textures: Texture2D_86 (BGRA8)
[2017.11.28-19.36.34:405][559]LogTexture:Display: Building textures: Texture2D_12 (BGRA8)
[2017.11.28-19.36.34:416][559]LogTexture:Display: Building textures: Texture2D_87 (BGRA8)
[2017.11.28-19.36.34:419][559]LogTexture:Display: Building textures: Texture2D_25 (BGRA8)
[2017.11.28-19.36.34:421][559]LogTexture:Display: Building textures: Texture2D_88 (BGRA8)
[2017.11.28-19.36.34:517][559]LogTexture:Display: Building textures: Texture2D_13 (BGRA8)
[2017.11.28-19.36.34:528][559]LogTexture:Display: Building textures: Texture2D_89 (BGRA8)
[2017.11.28-19.36.34:532][559]LogTexture:Display: Building textures: Texture2D_90 (BGRA8)
[2017.11.28-19.36.34:535][559]LogTexture:Display: Building textures: Texture2D_91 (BGRA8)
[2017.11.28-19.36.34:541][559]LogTexture:Display: Building textures: Texture2D_92 (BGRA8)
[2017.11.28-19.36.34:542][559]LogTexture:Display: Building textures: Texture2D_93 (BGRA8)
[2017.11.28-19.36.34:543][559]LogTexture:Display: Building textures: Texture2D_94 (BGRA8)
[2017.11.28-19.36.34:544][559]LogTexture:Display: Building textures: Texture2D_95 (BGRA8)
[2017.11.28-19.36.34:545][559]LogTexture:Display: Building textures: Texture2D_96 (BGRA8)
[2017.11.28-19.36.34:547][559]LogTexture:Display: Building textures: Texture2D_97 (BGRA8)
[2017.11.28-19.36.34:551][559]LogTexture:Display: Building textures: Texture2D_26 (BGRA8)
[2017.11.28-19.36.34:552][559]LogTexture:Display: Building textures: Texture2D_98 (BGRA8)
[2017.11.28-19.36.34:554][559]LogTexture:Display: Building textures: Texture2D_99 (BGRA8)
[2017.11.28-19.36.34:557][559]LogTexture:Display: Building textures: Texture2D_100 (BGRA8)
[2017.11.28-19.36.34:561][559]LogTexture:Display: Building textures: Texture2D_101 (BGRA8)
[2017.11.28-19.36.34:565][559]LogTexture:Display: Building textures: Texture2D_102 (BGRA8)
[2017.11.28-19.36.34:566][559]LogTexture:Display: Building textures: Texture2D_103 (BGRA8)
[2017.11.28-19.36.34:568][559]LogTexture:Display: Building textures: Texture2D_104 (BGRA8)
[2017.11.28-19.36.34:570][559]LogTexture:Display: Building textures: Texture2D_105 (BGRA8)
[2017.11.28-19.36.34:571][559]LogTexture:Display: Building textures: Texture2D_106 (BGRA8)
[2017.11.28-19.36.34:572][559]LogTexture:Display: Building textures: Texture2D_107 (BGRA8)
[2017.11.28-19.36.34:575][559]LogTexture:Display: Building textures: Texture2D_27 (BGRA8)
[2017.11.28-19.36.34:576][559]LogTexture:Display: Building textures: Texture2D_108 (BGRA8)
[2017.11.28-19.36.34:578][559]LogTexture:Display: Building textures: Texture2D_109 (BGRA8)
[2017.11.28-19.36.34:585][559]LogTexture:Display: Building textures: Texture2D_110 (BGRA8)
[2017.11.28-19.36.34:588][559]LogTexture:Display: Building textures: Texture2D_111 (BGRA8)
[2017.11.28-19.36.34:593][559]LogTexture:Display: Building textures: Texture2D_112 (BGRA8)
[2017.11.28-19.36.34:597][559]LogTexture:Display: Building textures: Texture2D_113 (BGRA8)
[2017.11.28-19.36.34:598][559]LogTexture:Display: Building textures: Texture2D_114 (BGRA8)
[2017.11.28-19.36.34:691][559]LogTexture:Display: Building textures: Texture2D_14 (BGRA8)
[2017.11.28-19.36.34:703][559]LogTexture:Display: Building textures: Texture2D_115 (BGRA8)
[2017.11.28-19.36.34:704][559]LogTexture:Display: Building textures: Texture2D_116 (BGRA8)
[2017.11.28-19.36.34:789][559]LogTexture:Display: Building textures: Texture2D_15 (BGRA8)
[2017.11.28-19.36.34:801][559]LogTexture:Display: Building textures: Texture2D_117 (BGRA8)
[2017.11.28-19.36.34:803][559]LogTexture:Display: Building textures: Texture2D_19 (BGRA8)
[2017.11.28-19.36.34:811][559]LogTexture:Display: Building textures: Texture2D_28 (BGRA8)
[2017.11.28-19.36.34:912][559]LogTexture:Display: Building textures: Texture2D_3 (BGRA8)
[2017.11.28-19.36.34:931][559]LogTexture:Display: Building textures: Texture2D_118 (BGRA8)
[2017.11.28-19.36.35:004][559]LogTexture:Display: Building textures: Texture2D_16 (BGRA8)
[2017.11.28-19.36.35:015][559]LogTexture:Display: Building textures: Texture2D_119 (BGRA8)
[2017.11.28-19.36.35:020][559]LogTexture:Display: Building textures: Texture2D_120 (BGRA8)
[2017.11.28-19.36.35:110][559]LogTexture:Display: Building textures: Texture2D_17 (BGRA8)
[2017.11.28-19.36.35:127][559]LogTexture:Display: Building textures: Texture2D_121 (BGRA8)
[2017.11.28-19.36.35:129][559]LogTexture:Display: Building textures: Texture2D_122 (BGRA8)
[2017.11.28-19.36.35:130][559]LogTexture:Display: Building textures: Texture2D_123 (BGRA8)
[2017.11.28-19.36.35:131][559]LogTexture:Display: Building textures: Texture2D_124 (BGRA8)
[2017.11.28-19.36.35:133][559]LogTexture:Display: Building textures: Texture2D_125 (BGRA8)
[2017.11.28-19.36.35:134][559]LogTexture:Display: Building textures: Texture2D_126 (BGRA8)
[2017.11.28-19.36.35:135][559]LogTexture:Display: Building textures: Texture2D_127 (BGRA8)
[2017.11.28-19.36.35:137][559]LogTexture:Display: Building textures: Texture2D_29 (BGRA8)
[2017.11.28-19.36.35:138][559]LogTexture:Display: Building textures: Texture2D_128 (BGRA8)
[2017.11.28-19.36.35:139][559]LogTexture:Display: Building textures: Texture2D_129 (BGRA8)
[2017.11.28-19.36.35:144][559]LogTexture:Display: Building textures: Texture2D_130 (BGRA8)
[2017.11.28-19.36.35:148][559]LogTexture:Display: Building textures: Texture2D_131 (BGRA8)
[2017.11.28-19.36.35:152][559]LogTexture:Display: Building textures: Texture2D_132 (BGRA8)
[2017.11.28-19.36.35:153][559]LogTexture:Display: Building textures: Texture2D_133 (BGRA8)
[2017.11.28-19.36.35:154][559]LogTexture:Display: Building textures: Texture2D_134 (BGRA8)
[2017.11.28-19.36.35:155][559]LogTexture:Display: Building textures: Texture2D_135 (BGRA8)
[2017.11.28-19.36.35:157][559]LogTexture:Display: Building textures: Texture2D_136 (BGRA8)
[2017.11.28-19.36.35:158][559]LogTexture:Display: Building textures: Texture2D_137 (BGRA8)
[2017.11.28-19.36.35:159][559]LogTexture:Display: Building textures: Texture2D_30 (BGRA8)
[2017.11.28-19.36.35:160][559]LogTexture:Display: Building textures: Texture2D_138 (BGRA8)
[2017.11.28-19.36.35:161][559]LogTexture:Display: Building textures: Texture2D_139 (BGRA8)
[2017.11.28-19.36.35:163][559]LogTexture:Display: Building textures: Texture2D_140 (BGRA8)
[2017.11.28-19.36.35:164][559]LogTexture:Display: Building textures: Texture2D_141 (BGRA8)
[2017.11.28-19.36.35:165][559]LogTexture:Display: Building textures: Texture2D_142 (BGRA8)
[2017.11.28-19.36.35:166][559]LogTexture:Display: Building textures: Texture2D_143 (BGRA8)
[2017.11.28-19.36.35:178][559]LogTexture:Display: Building textures: Texture2D_144 (BGRA8)
[2017.11.28-19.36.35:179][559]LogTexture:Display: Building textures: Texture2D_145 (BGRA8)
[2017.11.28-19.36.35:181][559]LogTexture:Display: Building textures: Texture2D_31 (BGRA8)
[2017.11.28-19.36.35:182][559]LogTexture:Display: Building textures: Texture2D_32 (BGRA8)
[2017.11.28-19.36.35:183][559]LogTexture:Display: Building textures: Texture2D_33 (BGRA8)
[2017.11.28-19.36.35:185][559]LogTexture:Display: Building textures: Texture2D_34 (BGRA8)
[2017.11.28-19.36.35:186][559]LogTexture:Display: Building textures: Texture2D_35 (BGRA8)
[2017.11.28-19.36.35:187][559]LogTexture:Display: Building textures: Texture2D_36 (BGRA8)
[2017.11.28-19.36.35:189][559]LogTexture:Display: Building textures: Texture2D_37 (BGRA8)
[2017.11.28-19.36.35:190][559]LogTexture:Display: Building textures: Texture2D_20 (BGRA8)
[2017.11.28-19.36.35:191][559]LogTexture:Display: Building textures: Texture2D_38 (BGRA8)
[2017.11.28-19.36.35:192][559]LogTexture:Display: Building textures: Texture2D_39 (BGRA8)
[2017.11.28-19.36.35:202][559]LogTexture:Display: Building textures: Texture2D_40 (BGRA8)
[2017.11.28-19.36.35:205][559]LogTexture:Display: Building textures: Texture2D_41 (BGRA8)
[2017.11.28-19.36.35:207][559]LogTexture:Display: Building textures: Texture2D_42 (BGRA8)
[2017.11.28-19.36.35:208][559]LogTexture:Display: Building textures: Texture2D_43 (BGRA8)
[2017.11.28-19.36.35:209][559]LogTexture:Display: Building textures: Texture2D_44 (BGRA8)
[2017.11.28-19.36.35:211][559]LogTexture:Display: Building textures: Texture2D_45 (BGRA8)
[2017.11.28-19.36.35:212][559]LogTexture:Display: Building textures: Texture2D_46 (BGRA8)
[2017.11.28-19.36.35:213][559]LogTexture:Display: Building textures: Texture2D_47 (BGRA8)
[2017.11.28-19.36.35:214][559]LogTexture:Display: Building textures: Texture2D_21 (BGRA8)
[2017.11.28-19.36.35:215][559]LogTexture:Display: Building textures: Texture2D_48 (BGRA8)
[2017.11.28-19.36.35:217][559]LogTexture:Display: Building textures: Texture2D_49 (BGRA8)
[2017.11.28-19.36.35:220][559]LogTexture:Display: Building textures: Texture2D_50 (BGRA8)
[2017.11.28-19.36.35:222][559]LogTexture:Display: Building textures: Texture2D_51 (BGRA8)
[2017.11.28-19.36.35:226][559]LogTexture:Display: Building textures: Texture2D_52 (BGRA8)
[2017.11.28-19.36.35:228][559]LogTexture:Display: Building textures: Texture2D_53 (BGRA8)
[2017.11.28-19.36.35:229][559]LogTexture:Display: Building textures: Texture2D_54 (BGRA8)
[2017.11.28-19.36.35:230][559]LogTexture:Display: Building textures: Texture2D_55 (BGRA8)
[2017.11.28-19.36.35:238][559]LogTexture:Display: Building textures: Texture2D_56 (BGRA8)
[2017.11.28-19.36.35:239][559]LogTexture:Display: Building textures: Texture2D_57 (BGRA8)
[2017.11.28-19.36.35:240][559]LogTexture:Display: Building textures: Texture2D_22 (BGRA8)
[2017.11.28-19.36.35:241][559]LogTexture:Display: Building textures: Texture2D_58 (BGRA8)
[2017.11.28-19.36.35:243][559]LogTexture:Display: Building textures: Texture2D_59 (BGRA8)
[2017.11.28-19.36.35:250][559]LogTexture:Display: Building textures: Texture2D_60 (BGRA8)
[2017.11.28-19.36.35:254][559]LogTexture:Display: Building textures: Texture2D_61 (BGRA8)
[2017.11.28-19.36.35:259][559]LogTexture:Display: Building textures: Texture2D_62 (BGRA8)
[2017.11.28-19.36.35:261][559]LogTexture:Display: Building textures: Texture2D_63 (BGRA8)
[2017.11.28-19.36.35:262][559]LogTexture:Display: Building textures: Texture2D_64 (BGRA8)
[2017.11.28-19.36.35:264][559]LogTexture:Display: Building textures: Texture2D_65 (BGRA8)
[2017.11.28-19.36.35:265][559]LogTexture:Display: Building textures: Texture2D_66 (BGRA8)
[2017.11.28-19.36.35:268][559]LogTexture:Display: Building textures: Texture2D_67 (BGRA8)
[2017.11.28-19.36.36:474][559]PIE: Info Play in editor start time for /Game/Maps/UEDPIE_0_WorldCompMap 35.827
[2017.11.28-19.36.36:527][560]LogSynthBenchmark:Display: FSynthBenchmark (V0.95):  requested WorkScale=5.00
[2017.11.28-19.36.36:527][560]LogSynthBenchmark:Display: ===============
[2017.11.28-19.36.36:527][560]LogSynthBenchmark:Display: Main Processor:
[2017.11.28-19.36.36:813][560]LogSynthBenchmark:Display:          ... 0.025816 s/Run 'RayIntersect'
[2017.11.28-19.36.36:813][560]LogSynthBenchmark:Display:          ... 0.031372 s/Run 'Fractal'
[2017.11.28-19.36.36:813][560]LogSynthBenchmark:Display: 
[2017.11.28-19.36.36:813][560]LogSynthBenchmark:Display:   CompiledTarget_x_Bits: 64
[2017.11.28-19.36.36:813][560]LogSynthBenchmark:Display:   UE_BUILD_SHIPPING: 0
[2017.11.28-19.36.36:813][560]LogSynthBenchmark:Display:   UE_BUILD_TEST: 0
[2017.11.28-19.36.36:813][560]LogSynthBenchmark:Display:   UE_BUILD_DEBUG: 0
[2017.11.28-19.36.36:813][560]LogSynthBenchmark:Display:   TotalPhysicalGBRam: 16
[2017.11.28-19.36.36:813][560]LogSynthBenchmark:Display:   NumberOfCores (physical): 4
[2017.11.28-19.36.36:813][560]LogSynthBenchmark:Display:   NumberOfCores (logical): 4
[2017.11.28-19.36.36:813][560]LogSynthBenchmark:Display:   CPU Perf Index 0: 99.2 (weight 1.00)
[2017.11.28-19.36.36:813][560]LogSynthBenchmark:Display:   CPU Perf Index 1: 91.2 (weight 1.50)
[2017.11.28-19.36.36:813][560]LogSynthBenchmark:Display:  
[2017.11.28-19.36.36:813][560]LogSynthBenchmark:Display: Graphics:
[2017.11.28-19.36.36:813][560]LogSynthBenchmark:Display:   Adapter Name: 'NVIDIA GeForce GTX 970'
[2017.11.28-19.36.36:813][560]LogSynthBenchmark:Display:   (On Optimus the name might be wrong, memory should be ok)
[2017.11.28-19.36.36:813][560]LogSynthBenchmark:Display:   Vendor Id: 0x10de
[2017.11.28-19.36.36:813][560]LogSynthBenchmark:Display:   Device Id: 0x13c2
[2017.11.28-19.36.36:813][560]LogSynthBenchmark:Display:   GPU Memory: 4059/0/8155 MB
[2017.11.28-19.36.36:840][560]LogSynthBenchmark:Display:   GPU first test: 0.02s
[2017.11.28-19.36.36:840][560]LogSynthBenchmark:Display:          ... 0.556 GigaPix/s, Confidence=100% 'ALUHeavyNoise' (likely to be very inaccurate)
[2017.11.28-19.36.36:840][560]LogSynthBenchmark:Display:          ... 0.456 GigaPix/s, Confidence=100% 'TexHeavy' (likely to be very inaccurate)
[2017.11.28-19.36.36:840][560]LogSynthBenchmark:Display:          ... 0.386 GigaPix/s, Confidence=100% 'DepTexHeavy' (likely to be very inaccurate)
[2017.11.28-19.36.36:840][560]LogSynthBenchmark:Display:          ... 1.202 GigaPix/s, Confidence=100% 'FillOnly' (likely to be very inaccurate)
[2017.11.28-19.36.36:840][560]LogSynthBenchmark:Display:          ... 0.094 GigaPix/s, Confidence=100% 'Bandwidth' (likely to be very inaccurate)
[2017.11.28-19.36.36:956][560]LogSynthBenchmark:Display:   GPU second test: 0.11s
[2017.11.28-19.36.36:956][560]LogSynthBenchmark:Display:          ... 1.020 GigaPix/s, Confidence=89% 'ALUHeavyNoise' (likely to be inaccurate)
[2017.11.28-19.36.36:956][560]LogSynthBenchmark:Display:          ... 0.796 GigaPix/s, Confidence=100% 'TexHeavy' (likely to be inaccurate)
[2017.11.28-19.36.36:956][560]LogSynthBenchmark:Display:          ... 0.728 GigaPix/s, Confidence=100% 'DepTexHeavy' (likely to be inaccurate)
[2017.11.28-19.36.36:956][560]LogSynthBenchmark:Display:          ... 4.237 GigaPix/s, Confidence=100% 'FillOnly' (likely to be inaccurate)
[2017.11.28-19.36.36:956][560]LogSynthBenchmark:Display:          ... 0.107 GigaPix/s, Confidence=100% 'Bandwidth' (likely to be inaccurate)
[2017.11.28-19.36.36:956][560]LogSynthBenchmark:Display:          ... 1.020 GigaPix/s, Confidence=89% 'ALUHeavyNoise'
[2017.11.28-19.36.36:956][560]LogSynthBenchmark:Display:          ... 0.796 GigaPix/s, Confidence=100% 'TexHeavy'
[2017.11.28-19.36.36:956][560]LogSynthBenchmark:Display:          ... 0.728 GigaPix/s, Confidence=100% 'DepTexHeavy'
[2017.11.28-19.36.36:956][560]LogSynthBenchmark:Display:          ... 4.237 GigaPix/s, Confidence=100% 'FillOnly'
[2017.11.28-19.36.36:956][560]LogSynthBenchmark:Display:          ... 0.107 GigaPix/s, Confidence=100% 'Bandwidth'
[2017.11.28-19.36.36:956][560]LogSynthBenchmark:Display: 
[2017.11.28-19.36.36:956][560]LogSynthBenchmark:Display:   GPU Perf Index 0: 22.2 (weight 1.00)
[2017.11.28-19.36.36:956][560]LogSynthBenchmark:Display:   GPU Perf Index 1: 10.7 (weight 0.10)
[2017.11.28-19.36.36:956][560]LogSynthBenchmark:Display:   GPU Perf Index 2: 18.9 (weight 0.10)
[2017.11.28-19.36.36:956][560]LogSynthBenchmark:Display:   GPU Perf Index 3: 16.6 (weight 3.00)
[2017.11.28-19.36.36:956][560]LogSynthBenchmark:Display:   GPU Perf Index 4: 10.0 (weight 1.00)
[2017.11.28-19.36.36:956][560]LogSynthBenchmark:Display:   CPUIndex: 94.4
[2017.11.28-19.36.36:956][560]LogSynthBenchmark:Display:   GPUIndex: 16.4
[2017.11.28-19.36.36:956][560]LogSynthBenchmark:Display: 
[2017.11.28-19.36.36:956][560]LogSynthBenchmark:Display:          ... Total Time: 0.429161 sec
[2017.11.28-19.36.36:958][560]LogWindows:Warning: FWindowsPlatformSurvey::TickSurveyHardware() WinSAT assessment unavailable. Unable to examine some hardware metrics. Run the Windows Experience Index Assessment.
[2017.11.28-19.36.50:274][812]LogPlayLevel: PlayLevel: No blueprints needed recompiling
[2017.11.28-19.36.50:274][812]LogApp: UseVRFocus has changed to 1
[2017.11.28-19.36.50:274][812]LogApp: HasVRFocus has changed to 1
[2017.11.28-19.36.50:274][812]LogApp: UseVRFocus has changed to 0
[2017.11.28-19.36.50:274][812]LogApp: HasVRFocus has changed to 0
[2017.11.28-19.36.50:274][812]PIE: New page: PIE session: WorldCompMap (Nov 28, 2017, 9:36:50 AM)
[2017.11.28-19.36.50:274][812]LogPlayLevel: Creating play world package: /Game/Maps/UEDPIE_0_WorldCompMap
[2017.11.28-19.36.50:276][812]LogPlayLevel: PIE: StaticDuplicateObject took: (0.002078s)
[2017.11.28-19.36.50:277][812]LogAIModule: Creating AISystem for world WorldCompMap
[2017.11.28-19.36.50:277][812]LogPlayLevel: PIE: World Init took: (0.000719s)
[2017.11.28-19.36.50:277][812]LogPlayLevel: PIE: Created PIE world by copying editor world from /Game/Maps/WorldCompMap.WorldCompMap to /Game/Maps/UEDPIE_0_WorldCompMap.WorldCompMap (0.002990s)
[2017.11.28-19.36.50:287][812]LogApp: UseVRFocus has changed to 1
[2017.11.28-19.36.50:287][812]LogApp: HasVRFocus has changed to 1
[2017.11.28-19.36.50:287][812]LogApp: U